build/intermediates/manifest_merge_blame_file/debug/manifest-merger-blame-debug-report.txt
1<?xml version="1.0" encoding="utf-8"?>
2<manifest xmlns:android="http://schemas.android.com/apk/res/android"
3    package="com.example.orderista"
4    platformBuildVersionCode="1"
5    platformBuildVersionName="1"
6    android:compileSdkVersion="28"
7    android:compileSdkVersionCodename="9"
8    android:versionCode="1"
9    android:versionName="1.0" >
10
11    <uses-sdk
11-->src/main/AndroidManifest.xml:3:5-46
12        android:minSdkVersion="9"
12-->src/main/AndroidManifest.xml:3:5-46
13        android:targetSdkVersion="26" />
13-->src/main/AndroidManifest.xml:3:15-44
14
15    <uses-permission android:name="android.permission.GET_ACCOUNTS" />
15-->src/main/AndroidManifest.xml:4:5-70
15-->src/main/AndroidManifest.xml:4:22-68
16    <uses-permission android:name="android.permission.READ_PROFILE" />
16-->src/main/AndroidManifest.xml:5:5-70
16-->src/main/AndroidManifest.xml:5:22-68
17    <uses-permission android:name="android.permission.READ_CONTACTS" />
17-->src/main/AndroidManifest.xml:6:5-71
17-->src/main/AndroidManifest.xml:6:22-69
18    <uses-permission android:name="android.permission.INTERNET" />
18-->src/main/AndroidManifest.xml:7:5-66
18-->src/main/AndroidManifest.xml:7:22-64
19    <uses-permission android:name="android.permission.WRITE_EXTERNAL_STORAGE" />
19-->src/main/AndroidManifest.xml:8:5-80
19-->src/main/AndroidManifest.xml:8:22-78
20    <uses-permission android:name="android.permission.ACCESS_NETWORK_STATE" />
20-->src/main/AndroidManifest.xml:9:5-78
20-->src/main/AndroidManifest.xml:9:22-76
21    <uses-permission android:name="android.permission.WAKE_LOCK" />
21-->src/main/AndroidManifest.xml:10:5-67
21-->src/main/AndroidManifest.xml:10:22-65
22    <uses-permission android:name="com.google.android.finsky.permission.BIND_GET_INSTALL_REFERRER_SERVICE" />
22-->src/main/AndroidManifest.xml:11:5-109
22-->src/main/AndroidManifest.xml:11:22-107
23    <uses-permission android:name="com.google.android.c2dm.permission.RECEIVE" />
23-->src/main/AndroidManifest.xml:12:5-81
23-->src/main/AndroidManifest.xml:12:22-79
24
25    <permission
25-->src/main/AndroidManifest.xml:13:5-114
26        android:name="com.example.orderista.permission.C2D_MESSAGE"
26-->src/main/AndroidManifest.xml:13:17-76
27        android:protectionLevel="signature" />
27-->src/main/AndroidManifest.xml:13:77-112
28
29    <uses-permission android:name="com.example.orderista.permission.C2D_MESSAGE" />
29-->src/main/AndroidManifest.xml:14:5-83
29-->src/main/AndroidManifest.xml:14:22-81
30
31    <application
31-->src/main/AndroidManifest.xml:15:5-91:19
32        android:name="android.support.multidex.MultiDexApplication"
32-->src/main/AndroidManifest.xml:15:113-172
33        android:allowBackup="true"
33-->src/main/AndroidManifest.xml:15:199-225
34        android:appComponentFactory="android.support.v4.app.CoreComponentFactory"
34-->src/main/AndroidManifest.xml:15:288-361
35        android:debuggable="true"
35-->src/main/AndroidManifest.xml:15:173-198
36        android:icon="@drawable/icon"
36-->src/main/AndroidManifest.xml:15:83-112
37        android:label="@string/app_name"
37-->src/main/AndroidManifest.xml:15:50-82
38        android:roundIcon="@drawable/icon"
38-->src/main/AndroidManifest.xml:15:253-287
39        android:supportsRtl="true"
39-->src/main/AndroidManifest.xml:15:226-252
40        android:theme="@style/AppTheme" >
40-->src/main/AndroidManifest.xml:15:18-49
41        <activity android:name="com.example.orderista.details" />
41-->src/main/AndroidManifest.xml:16:9-65
41-->src/main/AndroidManifest.xml:16:19-63
42        <activity android:name="com.example.orderista.splash" >
42-->src/main/AndroidManifest.xml:17:9-22:20
42-->src/main/AndroidManifest.xml:17:19-62
43            <intent-filter>
43-->src/main/AndroidManifest.xml:18:13-21:29
44                <action android:name="android.intent.action.MAIN" />
44-->src/main/AndroidManifest.xml:19:17-68
44-->src/main/AndroidManifest.xml:19:25-66
45
46                <category android:name="android.intent.category.LAUNCHER" />
46-->src/main/AndroidManifest.xml:20:17-76
46-->src/main/AndroidManifest.xml:20:27-74
47            </intent-filter>
48        </activity>
49        <activity android:name="com.example.orderista.ghee" />
49-->src/main/AndroidManifest.xml:23:9-62
49-->src/main/AndroidManifest.xml:23:19-60
50        <activity android:name="com.example.orderista.oil" />
50-->src/main/AndroidManifest.xml:24:9-61
50-->src/main/AndroidManifest.xml:24:19-59
51        <activity android:name="com.example.orderista.rice" />
51-->src/main/AndroidManifest.xml:25:9-62
51-->src/main/AndroidManifest.xml:25:19-60
52        <activity android:name="com.example.orderista.cart" />
52-->src/main/AndroidManifest.xml:26:9-62
52-->src/main/AndroidManifest.xml:26:19-60
53        <activity
53-->src/main/AndroidManifest.xml:27:9-90
54            android:name="com.example.orderista.Login_1"
54-->src/main/AndroidManifest.xml:27:19-63
55            android:noHistory="true" />
55-->src/main/AndroidManifest.xml:27:64-88
56        <activity android:name="com.example.orderista.dal" />
56-->src/main/AndroidManifest.xml:28:9-61
56-->src/main/AndroidManifest.xml:28:19-59
57        <activity android:name="com.example.orderista.spices" />
57-->src/main/AndroidManifest.xml:29:9-64
57-->src/main/AndroidManifest.xml:29:19-62
58        <activity android:name="com.example.orderista.pulses" />
58-->src/main/AndroidManifest.xml:30:9-64
58-->src/main/AndroidManifest.xml:30:19-62
59        <activity
59-->src/main/AndroidManifest.xml:31:9-147
60            android:name="com.example.orderista.MainActivity"
60-->src/main/AndroidManifest.xml:31:96-145
61            android:label="@string/app_name"
61-->src/main/AndroidManifest.xml:31:63-95
62            android:theme="@style/AppTheme.NoActionBar" />
62-->src/main/AndroidManifest.xml:31:19-62
63
64        <meta-data
64-->src/main/AndroidManifest.xml:32:9-121
65            android:name="com.google.android.gms.version"
65-->src/main/AndroidManifest.xml:32:20-65
66            android:value="@integer/google_play_services_version" />
66-->src/main/AndroidManifest.xml:32:66-119
67        <meta-data
67-->src/main/AndroidManifest.xml:33:9-115
68            android:name="com.facebook.sdk.ApplicationId"
68-->src/main/AndroidManifest.xml:33:20-65
69            android:value="@string/facebook_application_id" />
69-->src/main/AndroidManifest.xml:33:66-113
70
71        <activity
71-->src/main/AndroidManifest.xml:34:9-164
72            android:name="com.firebase.p003ui.auth.KickoffActivity"
72-->src/main/AndroidManifest.xml:34:82-137
73            android:exported="false"
73-->src/main/AndroidManifest.xml:34:138-162
74            android:label=""
74-->src/main/AndroidManifest.xml:34:65-81
75            android:theme="@style/FirebaseUI.Transparent" />
75-->src/main/AndroidManifest.xml:34:19-64
76        <activity
76-->src/main/AndroidManifest.xml:35:9-180
77            android:name="com.firebase.p003ui.auth.p007ui.idp.SingleSignInActivity"
77-->src/main/AndroidManifest.xml:35:82-153
78            android:exported="false"
78-->src/main/AndroidManifest.xml:35:154-178
79            android:label=""
79-->src/main/AndroidManifest.xml:35:65-81
80            android:theme="@style/FirebaseUI.Transparent" />
80-->src/main/AndroidManifest.xml:35:19-64
81        <activity
81-->src/main/AndroidManifest.xml:36:9-190
82            android:name="com.firebase.p003ui.auth.p007ui.credentials.CredentialSaveActivity"
82-->src/main/AndroidManifest.xml:36:82-163
83            android:exported="false"
83-->src/main/AndroidManifest.xml:36:164-188
84            android:label=""
84-->src/main/AndroidManifest.xml:36:65-81
85            android:theme="@style/FirebaseUI.Transparent" />
85-->src/main/AndroidManifest.xml:36:19-64
86        <activity
86-->src/main/AndroidManifest.xml:37:9-44:20
87            android:name="com.firebase.p003ui.auth.p007ui.provider.GitHubLoginActivity"
87-->src/main/AndroidManifest.xml:37:82-157
88            android:configChanges="keyboard|keyboardHidden|orientation|screenLayout|screenSize"
88-->src/main/AndroidManifest.xml:37:189-272
89            android:label=""
89-->src/main/AndroidManifest.xml:37:65-81
90            android:launchMode="singleTop"
90-->src/main/AndroidManifest.xml:37:158-188
91            android:theme="@style/FirebaseUI.Transparent" >
91-->src/main/AndroidManifest.xml:37:19-64
92            <intent-filter android:autoVerify="true" >
92-->src/main/AndroidManifest.xml:38:13-43:29
92-->src/main/AndroidManifest.xml:38:28-53
93                <action android:name="android.intent.action.VIEW" />
93-->src/main/AndroidManifest.xml:39:17-68
93-->src/main/AndroidManifest.xml:39:25-66
94
95                <category android:name="android.intent.category.DEFAULT" />
95-->src/main/AndroidManifest.xml:40:17-75
95-->src/main/AndroidManifest.xml:40:27-73
96                <category android:name="android.intent.category.BROWSABLE" />
96-->src/main/AndroidManifest.xml:41:17-77
96-->src/main/AndroidManifest.xml:41:27-75
97
98                <data
98-->src/main/AndroidManifest.xml:42:17-120
99                    android:host="@string/firebase_web_host"
99-->src/main/AndroidManifest.xml:42:46-86
100                    android:path="/__/auth/handler"
100-->src/main/AndroidManifest.xml:42:87-118
101                    android:scheme="https" />
101-->src/main/AndroidManifest.xml:42:23-45
102            </intent-filter>
103        </activity>
104        <activity
104-->src/main/AndroidManifest.xml:45:9-225
105            android:name="com.firebase.p003ui.auth.p007ui.email.RecoverPasswordActivity"
105-->src/main/AndroidManifest.xml:45:79-155
106            android:exported="false"
106-->src/main/AndroidManifest.xml:45:156-180
107            android:label="@string/fui_title_recover_password_activity"
107-->src/main/AndroidManifest.xml:45:19-78
108            android:windowSoftInputMode="adjustResize" />
108-->src/main/AndroidManifest.xml:45:181-223
109        <activity
109-->src/main/AndroidManifest.xml:46:9-199
110            android:name="com.firebase.p003ui.auth.p007ui.email.EmailActivity"
110-->src/main/AndroidManifest.xml:46:63-129
111            android:exported="false"
111-->src/main/AndroidManifest.xml:46:130-154
112            android:label="@string/fui_sign_in_default"
112-->src/main/AndroidManifest.xml:46:19-62
113            android:windowSoftInputMode="adjustResize" />
113-->src/main/AndroidManifest.xml:46:155-197
114        <activity
114-->src/main/AndroidManifest.xml:47:9-274
115            android:name="com.firebase.p003ui.auth.p007ui.phone.PhoneActivity"
115-->src/main/AndroidManifest.xml:47:73-139
116            android:exported="false"
116-->src/main/AndroidManifest.xml:47:140-164
117            android:label="@string/fui_sign_in_with_phone_number"
117-->src/main/AndroidManifest.xml:47:19-72
118            android:windowSoftInputMode="adjustUnspecified|stateUnchanged|stateVisible|stateAlwaysVisible|adjustResize" />
118-->src/main/AndroidManifest.xml:47:165-272
119        <activity
119-->src/main/AndroidManifest.xml:48:9-218
120            android:name="com.firebase.p003ui.auth.p007ui.idp.WelcomeBackIdpPrompt"
120-->src/main/AndroidManifest.xml:48:77-148
121            android:exported="false"
121-->src/main/AndroidManifest.xml:48:149-173
122            android:label="@string/fui_title_welcome_back_idp_prompt"
122-->src/main/AndroidManifest.xml:48:19-76
123            android:windowSoftInputMode="adjustResize" />
123-->src/main/AndroidManifest.xml:48:174-216
124        <activity
124-->src/main/AndroidManifest.xml:49:9-230
125            android:name="com.firebase.p003ui.auth.p007ui.email.WelcomeBackPasswordPrompt"
125-->src/main/AndroidManifest.xml:49:82-160
126            android:exported="false"
126-->src/main/AndroidManifest.xml:49:161-185
127            android:label="@string/fui_title_welcome_back_password_prompt"
127-->src/main/AndroidManifest.xml:49:19-81
128            android:windowSoftInputMode="adjustResize" />
128-->src/main/AndroidManifest.xml:49:186-228
129        <activity
129-->src/main/AndroidManifest.xml:50:9-171
130            android:name="com.firebase.p003ui.auth.p007ui.idp.AuthMethodPickerActivity"
130-->src/main/AndroidManifest.xml:50:69-144
131            android:exported="false"
131-->src/main/AndroidManifest.xml:50:145-169
132            android:label="@string/fui_default_toolbar_title" />
132-->src/main/AndroidManifest.xml:50:19-68
133        <activity
133-->src/main/AndroidManifest.xml:51:9-182
134            android:name="com.facebook.FacebookActivity"
134-->src/main/AndroidManifest.xml:51:52-96
135            android:configChanges="keyboard|keyboardHidden|orientation|screenLayout|screenSize"
135-->src/main/AndroidManifest.xml:51:97-180
136            android:label="@string/app_name" />
136-->src/main/AndroidManifest.xml:51:19-51
137        <activity
137-->src/main/AndroidManifest.xml:52:9-59:20
138            android:name="com.facebook.CustomTabActivity"
138-->src/main/AndroidManifest.xml:52:19-64
139            android:exported="true" >
139-->src/main/AndroidManifest.xml:52:65-88
140            <intent-filter>
140-->src/main/AndroidManifest.xml:53:13-58:29
141                <action android:name="android.intent.action.VIEW" />
141-->src/main/AndroidManifest.xml:39:17-68
141-->src/main/AndroidManifest.xml:39:25-66
142
143                <category android:name="android.intent.category.DEFAULT" />
143-->src/main/AndroidManifest.xml:40:17-75
143-->src/main/AndroidManifest.xml:40:27-73
144                <category android:name="android.intent.category.BROWSABLE" />
144-->src/main/AndroidManifest.xml:41:17-77
144-->src/main/AndroidManifest.xml:41:27-75
145
146                <data android:scheme="@string/facebook_login_protocol_scheme" />
146-->src/main/AndroidManifest.xml:42:17-120
146-->src/main/AndroidManifest.xml:42:23-45
147            </intent-filter>
148        </activity>
149
150        <provider
150-->src/main/AndroidManifest.xml:60:9-202
151            android:name="com.firebase.p003ui.auth.data.client.AuthUiInitProvider"
151-->src/main/AndroidManifest.xml:60:19-89
152            android:authorities="com.example.orderista.authuiinitprovider"
152-->src/main/AndroidManifest.xml:60:115-177
153            android:exported="false"
153-->src/main/AndroidManifest.xml:60:90-114
154            android:initOrder="90" />
154-->src/main/AndroidManifest.xml:60:178-200
155
156        <activity
156-->src/main/AndroidManifest.xml:61:9-329
157            android:name="com.google.firebase.auth.internal.FederatedSignInActivity"
157-->src/main/AndroidManifest.xml:61:71-143
158            android:excludeFromRecents="true"
158-->src/main/AndroidManifest.xml:61:258-291
159            android:exported="true"
159-->src/main/AndroidManifest.xml:61:234-257
160            android:launchMode="singleInstance"
160-->src/main/AndroidManifest.xml:61:292-327
161            android:permission="com.google.firebase.auth.api.gms.permission.LAUNCH_FEDERATED_SIGN_IN"
161-->src/main/AndroidManifest.xml:61:144-233
162            android:theme="@style/Theme.Translucent.NoTitleBar" />
162-->src/main/AndroidManifest.xml:61:19-70
163
164        <service android:name="com.google.firebase.components.ComponentDiscoveryService" >
164-->src/main/AndroidManifest.xml:62:9-66:19
164-->src/main/AndroidManifest.xml:62:18-89
165            <meta-data
165-->src/main/AndroidManifest.xml:63:13-184
166                android:name="com.google.firebase.components:com.google.firebase.auth.FirebaseAuthRegistrar"
166-->src/main/AndroidManifest.xml:63:24-116
167                android:value="com.google.firebase.components.ComponentRegistrar" />
167-->src/main/AndroidManifest.xml:63:117-182
168            <meta-data
168-->src/main/AndroidManifest.xml:64:13-214
169                android:name="com.google.firebase.components:com.google.firebase.analytics.connector.internal.AnalyticsConnectorRegistrar"
169-->src/main/AndroidManifest.xml:64:24-146
170                android:value="com.google.firebase.components.ComponentRegistrar" />
170-->src/main/AndroidManifest.xml:64:147-212
171            <meta-data
171-->src/main/AndroidManifest.xml:65:13-171
172                android:name="com.google.firebase.components:com.google.firebase.iid.Registrar"
172-->src/main/AndroidManifest.xml:65:24-103
173                android:value="com.google.firebase.components.ComponentRegistrar" />
173-->src/main/AndroidManifest.xml:65:104-169
174        </service>
175
176        <activity
176-->src/main/AndroidManifest.xml:67:9-212
177            android:name="com.google.android.gms.auth.api.signin.internal.SignInHubActivity"
177-->src/main/AndroidManifest.xml:67:71-151
178            android:excludeFromRecents="true"
178-->src/main/AndroidManifest.xml:67:177-210
179            android:exported="false"
179-->src/main/AndroidManifest.xml:67:152-176
180            android:theme="@style/Theme.Translucent.NoTitleBar" />
180-->src/main/AndroidManifest.xml:67:19-70
181
182        <service
182-->src/main/AndroidManifest.xml:68:9-215
183            android:name="com.google.android.gms.auth.api.signin.RevocationBoundService"
183-->src/main/AndroidManifest.xml:68:18-94
184            android:exported="true"
184-->src/main/AndroidManifest.xml:68:190-213
185            android:permission="com.google.android.gms.auth.api.signin.permission.REVOCATION_NOTIFICATION" />
185-->src/main/AndroidManifest.xml:68:95-189
186
187        <provider
187-->src/main/AndroidManifest.xml:69:9-205
188            android:name="android.arch.lifecycle.ProcessLifecycleOwnerInitializer"
188-->src/main/AndroidManifest.xml:69:19-89
189            android:authorities="com.example.orderista.lifecycle-trojan"
189-->src/main/AndroidManifest.xml:69:143-203
190            android:exported="false"
190-->src/main/AndroidManifest.xml:69:90-114
191            android:multiprocess="true" />
191-->src/main/AndroidManifest.xml:69:115-142
192
193        <receiver
193-->src/main/AndroidManifest.xml:70:9-141
194            android:name="com.google.android.gms.measurement.AppMeasurementReceiver"
194-->src/main/AndroidManifest.xml:70:19-91
195            android:enabled="true"
195-->src/main/AndroidManifest.xml:70:92-114
196            android:exported="false" />
196-->src/main/AndroidManifest.xml:70:115-139
197        <receiver
197-->src/main/AndroidManifest.xml:71:9-75:20
198            android:name="com.google.android.gms.measurement.AppMeasurementInstallReferrerReceiver"
198-->src/main/AndroidManifest.xml:71:19-106
199            android:enabled="true"
199-->src/main/AndroidManifest.xml:71:164-186
200            android:exported="true"
200-->src/main/AndroidManifest.xml:71:187-210
201            android:permission="android.permission.INSTALL_PACKAGES" >
201-->src/main/AndroidManifest.xml:71:107-163
202            <intent-filter>
202-->src/main/AndroidManifest.xml:72:13-74:29
203                <action android:name="com.android.vending.INSTALL_REFERRER" />
203-->src/main/AndroidManifest.xml:73:17-78
203-->src/main/AndroidManifest.xml:73:25-76
204            </intent-filter>
205        </receiver>
206
207        <service
207-->src/main/AndroidManifest.xml:76:9-139
208            android:name="com.google.android.gms.measurement.AppMeasurementService"
208-->src/main/AndroidManifest.xml:76:18-89
209            android:enabled="true"
209-->src/main/AndroidManifest.xml:76:90-112
210            android:exported="false" />
210-->src/main/AndroidManifest.xml:76:113-137
211        <service
211-->src/main/AndroidManifest.xml:77:9-199
212            android:name="com.google.android.gms.measurement.AppMeasurementJobService"
212-->src/main/AndroidManifest.xml:77:18-92
213            android:enabled="true"
213-->src/main/AndroidManifest.xml:77:150-172
214            android:exported="false"
214-->src/main/AndroidManifest.xml:77:173-197
215            android:permission="android.permission.BIND_JOB_SERVICE" />
215-->src/main/AndroidManifest.xml:77:93-149
216
217        <receiver
217-->src/main/AndroidManifest.xml:78:9-83:20
218            android:name="com.google.firebase.iid.FirebaseInstanceIdReceiver"
218-->src/main/AndroidManifest.xml:78:19-84
219            android:exported="true"
219-->src/main/AndroidManifest.xml:78:146-169
220            android:permission="com.google.android.c2dm.permission.SEND" >
220-->src/main/AndroidManifest.xml:78:85-145
221            <intent-filter>
221-->src/main/AndroidManifest.xml:79:13-82:29
222                <action android:name="com.google.android.c2dm.intent.RECEIVE" />
222-->src/main/AndroidManifest.xml:80:17-80
222-->src/main/AndroidManifest.xml:80:25-78
223
224                <category android:name="com.example.orderista" />
224-->src/main/AndroidManifest.xml:81:17-65
224-->src/main/AndroidManifest.xml:81:27-63
225            </intent-filter>
226        </receiver>
227
228        <service
228-->src/main/AndroidManifest.xml:84:9-88:19
229            android:name="com.google.firebase.iid.FirebaseInstanceIdService"
229-->src/main/AndroidManifest.xml:84:18-82
230            android:exported="true" >
230-->src/main/AndroidManifest.xml:84:83-106
231            <intent-filter android:priority="-500" >
231-->src/main/AndroidManifest.xml:85:13-87:29
231-->src/main/AndroidManifest.xml:85:28-51
232                <action android:name="com.google.firebase.INSTANCE_ID_EVENT" />
232-->src/main/AndroidManifest.xml:86:17-79
232-->src/main/AndroidManifest.xml:86:25-77
233            </intent-filter>
234        </service>
235
236        <activity
236-->src/main/AndroidManifest.xml:89:9-164
237            android:name="com.google.android.gms.common.api.GoogleApiActivity"
237-->src/main/AndroidManifest.xml:89:71-137
238            android:exported="false"
238-->src/main/AndroidManifest.xml:89:138-162
239            android:theme="@style/Theme.Translucent.NoTitleBar" />
239-->src/main/AndroidManifest.xml:89:19-70
240
241        <provider
241-->src/main/AndroidManifest.xml:90:9-199
242            android:name="com.google.firebase.provider.FirebaseInitProvider"
242-->src/main/AndroidManifest.xml:90:19-83
243            android:authorities="com.example.orderista.firebaseinitprovider"
243-->src/main/AndroidManifest.xml:90:109-173
244            android:exported="false"
244-->src/main/AndroidManifest.xml:90:84-108
245            android:initOrder="100" />
245-->src/main/AndroidManifest.xml:90:174-197
246    </application>
247
248</manifest>